<?xml version="1.0" encoding="UTF-8"?>
<!-- Generated by org.testng.reporters.JUnitXMLReporter -->
<testsuite ignored="0" hostname="DESKTOP-2PN8K12" failures="1" tests="54" name="RegressionTest" time="298.663" errors="0" timestamp="2024-11-25T08:22:01 IST">
  <testcase classname="TestCases.HomePageTest" name="testLoginBtnPresent" time="0.367"/>
  <testcase classname="TestCases.HomePageTest" name="testLogoIsDisplayed" time="0.09"/>
  <testcase classname="TestCases.HomePageTest" name="testWelcomeMessagepresent" time="0.053"/>
  <testcase classname="TestCases.HomePageTest" name="testJoinUsBtnEnable" time="0.049"/>
  <testcase classname="TestCases.HomePageTest" name="testLoginBtnFunctionality" time="3.265"/>
  <testcase classname="TestCases.LoginTest" name="testAdminLogin" time="8.71"/>
  <testcase classname="TestCases.LoginTest" name="testMentorLogin" time="9.536"/>
  <testcase classname="TestCases.LoginTest" name="testLoginNegative" time="3.611"/>
  <testcase classname="TestCases.LoginTest" name="testLoginNegative" time="3.637"/>
  <testcase classname="TestCases.LoginTest" name="testLoginNegative" time="3.851"/>
  <testcase classname="TestCases.LoginTest" name="testLoginNegative" time="3.769"/>
  <testcase classname="TestCases.LoginTest" name="testLoginNegative" time="3.741"/>
  <testcase classname="TestCases.LoginTest" name="testLoginNegative" time="3.679"/>
  <testcase classname="TestCases.LoginTest" name="testLoginNegative" time="3.691"/>
  <testcase classname="TestCases.LoginTest" name="testLoginNegative" time="3.819"/>
  <testcase classname="TestCases.LoginTest" name="testLoginNegative" time="3.761"/>
  <testcase classname="TestCases.LoginTest" name="testSignUpEnabled" time="0.219"/>
  <testcase classname="TestCases.AdminDashboardTest" name="testLogoutBtnAvailable" time="2.121"/>
  <testcase classname="TestCases.AdminDashboardTest" name="testProjectListHeader" time="0.119"/>
  <testcase classname="TestCases.AdminDashboardTest" name="testAddProjectButtonPresent" time="0.078"/>
  <testcase classname="TestCases.AdminDashboardTest" name="testAddprojectButtonFunctinality" time="0.282"/>
  <testcase classname="TestCases.AdminDashboardTest" name="testAddProjectAddbutton" time="28.011"/>
  <testcase classname="TestCases.AdminDashboardTest" name="testDeleteButtonActions" time="3.126"/>
  <testcase classname="TestCases.AdminDashboardTest" name="testAddProjectCancelbutton" time="13.492"/>
  <testcase classname="TestCases.AdminDashboardTest" name="testAddProjectNegativeData" time="3.995"/>
  <testcase classname="TestCases.AdminDashboardTest" name="testAddProjectNegativeData" time="8.591"/>
  <testcase classname="TestCases.AdminDashboardTest" name="testAddProjectNegativeData" time="7.774"/>
  <testcase classname="TestCases.AdminDashboardTest" name="testEditProjectPositive" time="14.022"/>
  <testcase classname="TestCases.MentorList" name="testMentorListPageNavigation" time="5.556"/>
  <testcase classname="TestCases.MentorList" name="testMentorListHeader" time="0.194"/>
  <testcase classname="TestCases.MentorList" name="testAddmentorButtonVisible" time="0.047"/>
  <testcase classname="TestCases.MentorList" name="testAddMentorDialogBox" time="6.197"/>
  <testcase classname="TestCases.MentorList" name="testAddedProjectTopicDropdown" time="18.025"/>
  <testcase classname="TestCases.MentorList" name="testInvalidDataAddMentor" time="6.266"/>
  <testcase classname="TestCases.MentorList" name="testInvalidDataAddMentor" time="8.064"/>
  <testcase classname="TestCases.MentorList" name="testInvalidDataAddMentor" time="8.041"/>
  <testcase classname="TestCases.MentorList" name="testInvalidDataAddMentor" time="7.965"/>
  <testcase classname="TestCases.MentorList" name="testInvalidDataAddMentor" time="7.892"/>
  <testcase classname="TestCases.MentorList" name="testInvalidDataAddMentor" time="8.038"/>
  <testcase classname="TestCases.MentorList" name="testInvalidDataAddMentor" time="9.658"/>
  <testcase classname="TestCases.MentorList" name="testInvalidDataAddMentor" time="8.882"/>
  <testcase classname="TestCases.MentorList" name="testValidDataEntryAddMentor" time="9.779">
    <failure type="org.openqa.selenium.UnhandledAlertException" message="unexpected alert open: {Alert text : Server error}
  (Session info: chrome=131.0.6778.86): Server error
Build info: version: &amp;apos;4.25.0&amp;apos;, revision: &amp;apos;8a8aea2337&amp;apos;
System info: os.name: &amp;apos;Windows 10&amp;apos;, os.arch: &amp;apos;amd64&amp;apos;, os.version: &amp;apos;10.0&amp;apos;, java.version: &amp;apos;21.0.2&amp;apos;
Driver info: org.openqa.selenium.chrome.ChromeDriver
Command: [50c9bbf7727f66da157040aaac9d482e, findElements {using=xpath, value=//table[@aria-label=&amp;quot;simple table&amp;quot;]//tbody//th}]
Capabilities {acceptInsecureCerts: false, browserName: chrome, browserVersion: 131.0.6778.86, chrome: {chromedriverVersion: 131.0.6778.85 (3d81e41b6f3a..., userDataDir: C:\Users\admin\AppData\Loca...}, fedcm:accounts: true, goog:chromeOptions: {debuggerAddress: localhost:52684}, networkConnectionEnabled: false, pageLoadStrategy: normal, platformName: windows, proxy: Proxy(), se:cdp: ws://localhost:52684/devtoo..., se:cdpVersion: 131.0.6778.86, setWindowRect: true, strictFileInteractability: false, timeouts: {implicit: 0, pageLoad: 300000, script: 30000}, unhandledPromptBehavior: dismiss and notify, webauthn:extension:credBlob: true, webauthn:extension:largeBlob: true, webauthn:extension:minPinLength: true, webauthn:extension:prf: true, webauthn:virtualAuthenticators: true}
Session ID: 50c9bbf7727f66da157040aaac9d482e">
      <![CDATA[org.openqa.selenium.UnhandledAlertException: unexpected alert open: {Alert text : Server error}
  (Session info: chrome=131.0.6778.86): Server error
Build info: version: '4.25.0', revision: '8a8aea2337'
System info: os.name: 'Windows 10', os.arch: 'amd64', os.version: '10.0', java.version: '21.0.2'
Driver info: org.openqa.selenium.chrome.ChromeDriver
Command: [50c9bbf7727f66da157040aaac9d482e, findElements {using=xpath, value=//table[@aria-label="simple table"]//tbody//th}]
Capabilities {acceptInsecureCerts: false, browserName: chrome, browserVersion: 131.0.6778.86, chrome: {chromedriverVersion: 131.0.6778.85 (3d81e41b6f3a..., userDataDir: C:\Users\admin\AppData\Loca...}, fedcm:accounts: true, goog:chromeOptions: {debuggerAddress: localhost:52684}, networkConnectionEnabled: false, pageLoadStrategy: normal, platformName: windows, proxy: Proxy(), se:cdp: ws://localhost:52684/devtoo..., se:cdpVersion: 131.0.6778.86, setWindowRect: true, strictFileInteractability: false, timeouts: {implicit: 0, pageLoad: 300000, script: 30000}, unhandledPromptBehavior: dismiss and notify, webauthn:extension:credBlob: true, webauthn:extension:largeBlob: true, webauthn:extension:minPinLength: true, webauthn:extension:prf: true, webauthn:virtualAuthenticators: true}
Session ID: 50c9bbf7727f66da157040aaac9d482e
at org.openqa.selenium.remote.codec.w3c.W3CHttpResponseCodec.decode(W3CHttpResponseCodec.java:136)
at org.openqa.selenium.remote.codec.w3c.W3CHttpResponseCodec.decode(W3CHttpResponseCodec.java:50)
at org.openqa.selenium.remote.HttpCommandExecutor.execute(HttpCommandExecutor.java:190)
at org.openqa.selenium.remote.service.DriverCommandExecutor.invokeExecute(DriverCommandExecutor.java:216)
at org.openqa.selenium.remote.service.DriverCommandExecutor.execute(DriverCommandExecutor.java:174)
at org.openqa.selenium.remote.RemoteWebDriver.execute(RemoteWebDriver.java:545)
at org.openqa.selenium.remote.ElementLocation$ElementFinder$2.findElements(ElementLocation.java:182)
at org.openqa.selenium.remote.ElementLocation.findElements(ElementLocation.java:103)
at org.openqa.selenium.remote.RemoteWebDriver.findElements(RemoteWebDriver.java:381)
at org.openqa.selenium.remote.RemoteWebDriver.findElements(RemoteWebDriver.java:375)
at org.openqa.selenium.support.pagefactory.DefaultElementLocator.findElements(DefaultElementLocator.java:83)
at org.openqa.selenium.support.pagefactory.internal.LocatingElementListHandler.invoke(LocatingElementListHandler.java:36)
at jdk.proxy2/jdk.proxy2.$Proxy31.iterator(Unknown Source)
at PageObjects.MentorListPage.checkMentorIsAdded(MentorListPage.java:173)
at TestCases.MentorList.testValidDataEntryAddMentor(MentorList.java:125)
at java.base/java.util.ArrayList.forEach(ArrayList.java:1596)
... Removed 25 stack frames]]>
    </failure>
  </testcase> <!-- testValidDataEntryAddMentor -->
  <testcase classname="TestCases.MentorDashboardTest" name="testLogoutAvailable" time="4.32"/>
  <testcase classname="TestCases.MentorDashboardTest" name="testrefMatVisibleSide" time="0.046"/>
  <testcase classname="TestCases.MentorDashboardTest" name="testsubmissionListPage" time="0.422"/>
  <testcase classname="TestCases.MentorDashboardTest" name="testBatchDropdown" time="3.44"/>
  <testcase classname="TestCases.MentorDashboardTest" name="testTopicDropdown" time="0.405"/>
  <testcase classname="TestCases.MentorDashboardTest" name="testRefMaterialClickable" time="0.202"/>
  <testcase classname="TestCases.MentorDashboardTest" name="testRefMatTableHeader" time="2.866"/>
  <testcase classname="TestCases.MentorDashboardTest" name="testActionsDeletebtnEnable" time="0.056"/>
  <testcase classname="TestCases.MentorDashboardTest" name="testAddRefMaterailDisplayed" time="0.056"/>
  <testcase classname="TestCases.MentorDashboardTest" name="testAddRefMaterailFunction" time="0.416"/>
  <testcase classname="TestCases.ReferenceMaterialPageTest" name="testAddrefmaterialCancelbtn" time="6.687"/>
  <testcase classname="TestCases.ReferenceMaterialPageTest" name="testAddrefmaterialSubmitbtn" time="8.274"/>
</testsuite> <!-- RegressionTest -->
