<?xml version="1.0" encoding="UTF-8"?>
<!-- Generated by org.testng.reporters.JUnitXMLReporter -->
<testsuite ignored="4" hostname="LAPTOP-E462BQ6V" failures="1" tests="1" name="Test(failed)" time="6.731" errors="0" timestamp="2024-11-17T17:50:25 IST">
  <testcase classname="TestCases.HomePageTest" name="TC_HP_5" time="0.102">
    <failure type="java.lang.AssertionError" message="Logo is not displayed expected [true] but found [false]">
      <![CDATA[java.lang.AssertionError: Logo is not displayed expected [true] but found [false]
at TestCases.HomePageTest.TC_HP_5(HomePageTest.java:27)
at java.base/java.util.ArrayList.forEach(ArrayList.java:1597)
... Removed 28 stack frames]]>
    </failure>
  </testcase> <!-- TC_HP_5 -->
  <testcase classname="TestCases.HomePageTest" name="TC_HP_3" time="0.0">
    <ignored/>
  </testcase> <!-- TC_HP_3 -->
  <testcase classname="TestCases.HomePageTest" name="TC_HP_6" time="0.0">
    <ignored/>
  </testcase> <!-- TC_HP_6 -->
  <testcase classname="TestCases.HomePageTest" name="TC_HP_7" time="0.0">
    <ignored/>
  </testcase> <!-- TC_HP_7 -->
  <testcase classname="TestCases.HomePageTest" name="TC_HP_8" time="0.0">
    <ignored/>
  </testcase> <!-- TC_HP_8 -->
</testsuite> <!-- Test(failed) -->
